Flow report for pipeline
Mon Dec 04 12:57:21 2017
Quartus II Version 9.0 Build 132 02/25/2009 SJ Web Edition


---------------------
; Table of Contents ;
---------------------
  1. Legal Notice
  2. Flow Summary
  3. Flow Settings
  4. Flow Non-Default Global Settings
  5. Flow Elapsed Time
  6. Flow OS Summary
  7. Flow Log



----------------
; Legal Notice ;
----------------
Copyright (C) 1991-2009 Altera Corporation
Your use of Altera Corporation's design tools, logic functions 
and other software and tools, and its AMPP partner logic 
functions, and any output files from any of the foregoing 
(including device programming or simulation files), and any 
associated documentation or information are expressly subject 
to the terms and conditions of the Altera Program License 
Subscription Agreement, Altera MegaCore Function License 
Agreement, or other applicable license agreement, including, 
without limitation, that your use is for the sole purpose of 
programming logic devices manufactured by Altera and sold by 
Altera or its authorized distributors.  Please refer to the 
applicable agreement for further details.



+------------------------------------------------------------------------------+
; Flow Summary                                                                 ;
+------------------------------------+-----------------------------------------+
; Flow Status                        ; Successful - Mon Dec 04 12:57:21 2017   ;
; Quartus II Version                 ; 9.0 Build 132 02/25/2009 SJ Web Edition ;
; Revision Name                      ; pipeline                                ;
; Top-level Entity Name              ; mips_pipeline                           ;
; Family                             ; Cyclone II                              ;
; Device                             ; EP2C35F672C7                            ;
; Timing Models                      ; Final                                   ;
; Met timing requirements            ; Yes                                     ;
; Total logic elements               ; 0 / 33,216 ( 0 % )                      ;
;     Total combinational functions  ; 0 / 33,216 ( 0 % )                      ;
;     Dedicated logic registers      ; 0 / 33,216 ( 0 % )                      ;
; Total registers                    ; 0                                       ;
; Total pins                         ; 1 / 475 ( < 1 % )                       ;
; Total virtual pins                 ; 0                                       ;
; Total memory bits                  ; 0 / 483,840 ( 0 % )                     ;
; Embedded Multiplier 9-bit elements ; 0 / 70 ( 0 % )                          ;
; Total PLLs                         ; 0 / 4 ( 0 % )                           ;
+------------------------------------+-----------------------------------------+


+-----------------------------------------+
; Flow Settings                           ;
+-------------------+---------------------+
; Option            ; Setting             ;
+-------------------+---------------------+
; Start date & time ; 12/04/2017 12:57:07 ;
; Main task         ; Compilation         ;
; Revision Name     ; pipeline            ;
+-------------------+---------------------+


+----------------------------------------------------------------------------------------------------------------------+
; Flow Non-Default Global Settings                                                                                     ;
+------------------------------------+--------------------------------+---------------+---------------+----------------+
; Assignment Name                    ; Value                          ; Default Value ; Entity Name   ; Section Id     ;
+------------------------------------+--------------------------------+---------------+---------------+----------------+
; COMPILER_SIGNATURE_ID              ; 35490518929603.151236702605492 ; --            ; --            ; --             ;
; MAX_CORE_JUNCTION_TEMP             ; 85                             ; --            ; --            ; --             ;
; MIN_CORE_JUNCTION_TEMP             ; 0                              ; --            ; --            ; --             ;
; PARTITION_COLOR                    ; 16764057                       ; --            ; mips_pipeline ; Top            ;
; PARTITION_NETLIST_TYPE             ; SOURCE                         ; --            ; mips_pipeline ; Top            ;
; TOP_LEVEL_ENTITY                   ; mips_pipeline                  ; pipeline      ; --            ; --             ;
; USE_GENERATED_PHYSICAL_CONSTRAINTS ; Off                            ; --            ; --            ; eda_blast_fpga ;
+------------------------------------+--------------------------------+---------------+---------------+----------------+


+-----------------------------------------------------------------------------------------------------------------------------+
; Flow Elapsed Time                                                                                                           ;
+-------------------------+--------------+-------------------------+---------------------+------------------------------------+
; Module Name             ; Elapsed Time ; Average Processors Used ; Peak Virtual Memory ; Total CPU Time (on all processors) ;
+-------------------------+--------------+-------------------------+---------------------+------------------------------------+
; Analysis & Synthesis    ; 00:00:03     ; 1.0                     ; 276 MB              ; 00:00:02                           ;
; Fitter                  ; 00:00:05     ; 1.0                     ; 312 MB              ; 00:00:04                           ;
; Assembler               ; 00:00:04     ; 1.0                     ; 282 MB              ; 00:00:04                           ;
; Classic Timing Analyzer ; 00:00:01     ; 1.0                     ; 184 MB              ; 00:00:00                           ;
; Total                   ; 00:00:13     ; --                      ; --                  ; 00:00:10                           ;
+-------------------------+--------------+-------------------------+---------------------+------------------------------------+


+------------------------------------------------------------------------------------------+
; Flow OS Summary                                                                          ;
+-------------------------+------------------+---------------+------------+----------------+
; Module Name             ; Machine Hostname ; OS Name       ; OS Version ; Processor type ;
+-------------------------+------------------+---------------+------------+----------------+
; Analysis & Synthesis    ; DESKTOP-KIFOFFV  ; Windows Vista ; 6.2        ; x86_64         ;
; Fitter                  ; DESKTOP-KIFOFFV  ; Windows Vista ; 6.2        ; x86_64         ;
; Assembler               ; DESKTOP-KIFOFFV  ; Windows Vista ; 6.2        ; x86_64         ;
; Classic Timing Analyzer ; DESKTOP-KIFOFFV  ; Windows Vista ; 6.2        ; x86_64         ;
+-------------------------+------------------+---------------+------------+----------------+


------------
; Flow Log ;
------------
quartus_map --read_settings_files=on --write_settings_files=off pipeline -c pipeline
quartus_fit --read_settings_files=off --write_settings_files=off pipeline -c pipeline
quartus_asm --read_settings_files=off --write_settings_files=off pipeline -c pipeline
quartus_tan --read_settings_files=off --write_settings_files=off pipeline -c pipeline --timing_analysis_only



